<?xml version="1.0" encoding="UTF-8"?>
<testsuite xmlns:xsi="http://www.w3.org/2001/XMLSchema-instance" xsi:noNamespaceSchemaLocation="https://maven.apache.org/surefire/maven-surefire-plugin/xsd/surefire-test-report-3.0.xsd" version="3.0" name="com.carpool.integration.UserControllerIntegrationTest" time="10.59" tests="1" errors="0" skipped="0" failures="0">
  <properties>
[...]
</properties>
  <testcase name="testRegisterEndpoint" classname="com.carpool.integration.UserControllerIntegrationTest" time="2.099">
    <system-out><![CDATA[13:08:48.182 [main] INFO org.springframework.test.context.support.AnnotationConfigContextLoaderUtils -- Could not detect default configuration classes for test class [com.carpool.integration.UserControllerIntegrationTest]: UserControllerIntegrationTest does not declare any static, non-private, non-final, nested classes annotated with @Configuration.
13:08:48.358 [main] INFO org.springframework.boot.test.context.SpringBootTestContextBootstrapper -- Found @SpringBootConfiguration com.carpool.RideSharingApplication for test class com.carpool.integration.UserControllerIntegrationTest

  .   ____          _            __ _ _
 /\\ / ___'_ __ _ _(_)_ __  __ _ \ \ \ \
( ( )\___ | '_ | '_| | '_ \/ _` | \ \ \ \
 \\/  ___)| |_)| | | | | || (_| |  ) ) ) )
  '  |____| .__|_| |_|_| |_\__, | / / / /
 =========|_|==============|___/=/_/_/_/
 :: Spring Boot ::                (v3.2.1)

2026-02-01T13:08:49.312+05:30  INFO 4732 --- [           main] c.c.i.UserControllerIntegrationTest      : Starting UserControllerIntegrationTest using Java 17.0.14 with PID 4732 (started by Shambhavi AUM in C:\Users\Shambhavi AUM\Desktop\RideSync\backend)
2026-02-01T13:08:49.316+05:30  INFO 4732 --- [           main] c.c.i.UserControllerIntegrationTest      : No active profile set, falling back to 1 default profile: "default"
2026-02-01T13:08:50.514+05:30  INFO 4732 --- [           main] .s.d.r.c.RepositoryConfigurationDelegate : Bootstrapping Spring Data JPA repositories in DEFAULT mode.
2026-02-01T13:08:50.669+05:30  INFO 4732 --- [           main] .s.d.r.c.RepositoryConfigurationDelegate : Finished Spring Data repository scanning in 120 ms. Found 1 JPA repository interface.
2026-02-01T13:08:51.791+05:30  INFO 4732 --- [           main] o.s.b.w.embedded.tomcat.TomcatWebServer  : Tomcat initialized with port 0 (http)
2026-02-01T13:08:51.815+05:30  INFO 4732 --- [           main] o.apache.catalina.core.StandardService   : Starting service [Tomcat]
2026-02-01T13:08:51.815+05:30  INFO 4732 --- [           main] o.apache.catalina.core.StandardEngine    : Starting Servlet engine: [Apache Tomcat/10.1.17]
2026-02-01T13:08:51.955+05:30  INFO 4732 --- [           main] o.a.c.c.C.[Tomcat].[localhost].[/]       : Initializing Spring embedded WebApplicationContext
2026-02-01T13:08:51.958+05:30  INFO 4732 --- [           main] w.s.c.ServletWebServerApplicationContext : Root WebApplicationContext: initialization completed in 2586 ms
2026-02-01T13:08:52.027+05:30  INFO 4732 --- [           main] com.zaxxer.hikari.HikariDataSource       : HikariPool-1 - Starting...
2026-02-01T13:08:52.351+05:30  INFO 4732 --- [           main] com.zaxxer.hikari.pool.HikariPool        : HikariPool-1 - Added connection conn0: url=jdbc:h2:mem:testdb user=SA
2026-02-01T13:08:52.353+05:30  INFO 4732 --- [           main] com.zaxxer.hikari.HikariDataSource       : HikariPool-1 - Start completed.
2026-02-01T13:08:52.374+05:30  INFO 4732 --- [           main] o.s.b.a.h2.H2ConsoleAutoConfiguration    : H2 console available at '/h2-console'. Database available at 'jdbc:h2:mem:testdb'
2026-02-01T13:08:52.662+05:30  INFO 4732 --- [           main] o.hibernate.jpa.internal.util.LogHelper  : HHH000204: Processing PersistenceUnitInfo [name: default]
2026-02-01T13:08:52.797+05:30  INFO 4732 --- [           main] org.hibernate.Version                    : HHH000412: Hibernate ORM core version 6.4.1.Final
2026-02-01T13:08:52.884+05:30  INFO 4732 --- [           main] o.h.c.internal.RegionFactoryInitiator    : HHH000026: Second-level cache disabled
2026-02-01T13:08:53.389+05:30  INFO 4732 --- [           main] o.s.o.j.p.SpringPersistenceUnitInfo      : No LoadTimeWeaver setup: ignoring JPA class transformer
2026-02-01T13:08:54.767+05:30  INFO 4732 --- [           main] o.h.e.t.j.p.i.JtaPlatformInitiator       : HHH000489: No JTA platform available (set 'hibernate.transaction.jta.platform' to enable JTA platform integration)
Hibernate: create table users (user_id bigint generated by default as identity, email varchar(255) not null, name varchar(255), password varchar(255), phone varchar(255), role varchar(255) check (role in ('RIDER','DRIVER','ADMIN')), primary key (user_id))
Hibernate: alter table if exists users drop constraint if exists UK_6dotkott2kjsp8vw4d0m25fb7
Hibernate: alter table if exists users add constraint UK_6dotkott2kjsp8vw4d0m25fb7 unique (email)
2026-02-01T13:08:54.849+05:30  INFO 4732 --- [           main] j.LocalContainerEntityManagerFactoryBean : Initialized JPA EntityManagerFactory for persistence unit 'default'
2026-02-01T13:08:55.524+05:30  WARN 4732 --- [           main] JpaBaseConfiguration$JpaWebConfiguration : spring.jpa.open-in-view is enabled by default. Therefore, database queries may be performed during view rendering. Explicitly configure spring.jpa.open-in-view to disable this warning
2026-02-01T13:08:56.336+05:30  INFO 4732 --- [           main] o.s.b.w.embedded.tomcat.TomcatWebServer  : Tomcat started on port 62253 (http) with context path ''
2026-02-01T13:08:56.352+05:30  INFO 4732 --- [           main] c.c.i.UserControllerIntegrationTest      : Started UserControllerIntegrationTest in 7.666 seconds (process running for 9.404)
2026-02-01T13:08:57.745+05:30  INFO 4732 --- [o-auto-1-exec-1] o.a.c.c.C.[Tomcat].[localhost].[/]       : Initializing Spring DispatcherServlet 'dispatcherServlet'
2026-02-01T13:08:57.746+05:30  INFO 4732 --- [o-auto-1-exec-1] o.s.web.servlet.DispatcherServlet        : Initializing Servlet 'dispatcherServlet'
2026-02-01T13:08:57.748+05:30  INFO 4732 --- [o-auto-1-exec-1] o.s.web.servlet.DispatcherServlet        : Completed initialization in 2 ms
Hibernate: select u1_0.user_id,u1_0.email,u1_0.name,u1_0.password,u1_0.phone,u1_0.role from users u1_0 where u1_0.email=?
Hibernate: insert into users (email,name,password,phone,role,user_id) values (?,?,?,?,?,default)
]]></system-out>
  </testcase>
</testsuite>