<?xml version="1.0" encoding="UTF-8"?>
<testsuite xmlns:xsi="http://www.w3.org/2001/XMLSchema-instance" xsi:noNamespaceSchemaLocation="https://maven.apache.org/surefire/maven-surefire-plugin/xsd/surefire-test-report-3.0.xsd" version="3.0" name="com.carpool.integration.UserControllerIntegrationTest" time="0.416" tests="1" errors="0" skipped="0" failures="0">
  <properties>
[...]
</properties>
  <testcase name="testRegisterEndpoint" classname="com.carpool.integration.UserControllerIntegrationTest" time="0.145">
    <system-out><![CDATA[2026-02-14T18:34:29.511+05:30  INFO 48904 --- [           main] t.c.s.AnnotationConfigContextLoaderUtils : Could not detect default configuration classes for test class [com.carpool.integration.UserControllerIntegrationTest]: UserControllerIntegrationTest does not declare any static, non-private, non-final, nested classes annotated with @Configuration.
2026-02-14T18:34:29.511+05:30  INFO 48904 --- [           main] .b.t.c.SpringBootTestContextBootstrapper : Found @SpringBootConfiguration com.carpool.RideSharingApplication for test class com.carpool.integration.UserControllerIntegrationTest

  .   ____          _            __ _ _
 /\\ / ___'_ __ _ _(_)_ __  __ _ \ \ \ \
( ( )\___ | '_ | '_| | '_ \/ _` | \ \ \ \
 \\/  ___)| |_)| | | | | || (_| |  ) ) ) )
  '  |____| .__|_| |_|_| |_\__, | / / / /
 =========|_|==============|___/=/_/_/_/
 :: Spring Boot ::                (v3.2.1)

2026-02-14T18:34:29.528+05:30  INFO 48904 --- [           main] c.c.i.UserControllerIntegrationTest      : Starting UserControllerIntegrationTest using Java 25.0.2 with PID 48904 (started by user in F:\RideSync\backend)
2026-02-14T18:34:29.529+05:30  INFO 48904 --- [           main] c.c.i.UserControllerIntegrationTest      : No active profile set, falling back to 1 default profile: "default"
2026-02-14T18:34:29.596+05:30  INFO 48904 --- [           main] .s.d.r.c.RepositoryConfigurationDelegate : Bootstrapping Spring Data JPA repositories in DEFAULT mode.
2026-02-14T18:34:29.603+05:30  INFO 48904 --- [           main] .s.d.r.c.RepositoryConfigurationDelegate : Finished Spring Data repository scanning in 6 ms. Found 3 JPA repository interfaces.
2026-02-14T18:34:29.635+05:30  INFO 48904 --- [           main] o.s.b.w.embedded.tomcat.TomcatWebServer  : Tomcat initialized with port 0 (http)
2026-02-14T18:34:29.635+05:30  INFO 48904 --- [           main] o.apache.catalina.core.StandardService   : Starting service [Tomcat]
2026-02-14T18:34:29.636+05:30  INFO 48904 --- [           main] o.apache.catalina.core.StandardEngine    : Starting Servlet engine: [Apache Tomcat/10.1.17]
2026-02-14T18:34:29.645+05:30  INFO 48904 --- [           main] o.a.c.c.C.[Tomcat].[localhost].[/]       : Initializing Spring embedded WebApplicationContext
2026-02-14T18:34:29.646+05:30  INFO 48904 --- [           main] w.s.c.ServletWebServerApplicationContext : Root WebApplicationContext: initialization completed in 116 ms
2026-02-14T18:34:29.651+05:30  INFO 48904 --- [           main] com.zaxxer.hikari.HikariDataSource       : HikariPool-2 - Starting...
2026-02-14T18:34:29.653+05:30  INFO 48904 --- [           main] com.zaxxer.hikari.pool.HikariPool        : HikariPool-2 - Added connection conn10: url=jdbc:h2:mem:testdb user=SA
2026-02-14T18:34:29.653+05:30  INFO 48904 --- [           main] com.zaxxer.hikari.HikariDataSource       : HikariPool-2 - Start completed.
2026-02-14T18:34:29.653+05:30  INFO 48904 --- [           main] o.s.b.a.h2.H2ConsoleAutoConfiguration    : H2 console available at '/h2-console'. Database available at 'jdbc:h2:mem:testdb'
2026-02-14T18:34:29.661+05:30  INFO 48904 --- [           main] o.hibernate.jpa.internal.util.LogHelper  : HHH000204: Processing PersistenceUnitInfo [name: default]
2026-02-14T18:34:29.662+05:30  INFO 48904 --- [           main] o.h.c.internal.RegionFactoryInitiator    : HHH000026: Second-level cache disabled
2026-02-14T18:34:29.664+05:30  INFO 48904 --- [           main] o.s.o.j.p.SpringPersistenceUnitInfo      : No LoadTimeWeaver setup: ignoring JPA class transformer
2026-02-14T18:34:29.703+05:30  INFO 48904 --- [           main] o.h.e.t.j.p.i.JtaPlatformInitiator       : HHH000489: No JTA platform available (set 'hibernate.transaction.jta.platform' to enable JTA platform integration)
Hibernate: create table bookings (id bigint generated by default as identity, seats_booked integer not null, status varchar(255) not null check (status in ('INITIATED','CONFIRMED','CANCELLED')), ride_id bigint not null, rider_user_id bigint not null, primary key (id))
Hibernate: create table rides (id bigint generated by default as identity, departure_time timestamp(6) not null, destination varchar(255) not null, fare_per_seat float(53) not null, source varchar(255) not null, status varchar(255) not null check (status in ('CREATED','PUBLISHED','BOOKED','IN_PROGRESS','COMPLETED','CANCELLED')), total_seats integer not null, version bigint, driver_user_id bigint not null, primary key (id))
Hibernate: create table users (user_id bigint generated by default as identity, email varchar(255) not null, name varchar(255) not null, password varchar(255) not null, phone varchar(255), role varchar(255) not null check (role in ('RIDER','DRIVER','ADMIN')), primary key (user_id))
Hibernate: alter table if exists users drop constraint if exists UK_6dotkott2kjsp8vw4d0m25fb7
Hibernate: alter table if exists users add constraint UK_6dotkott2kjsp8vw4d0m25fb7 unique (email)
Hibernate: alter table if exists bookings add constraint FK63tra4deifdhf1rnondk65i3r foreign key (ride_id) references rides
Hibernate: alter table if exists bookings add constraint FKowi0ndv4xawlk9focnuvnnhmi foreign key (rider_user_id) references users
Hibernate: alter table if exists rides add constraint FKbkm4ceiptybj5xmkgupkiognw foreign key (driver_user_id) references users
2026-02-14T18:34:29.709+05:30  INFO 48904 --- [           main] j.LocalContainerEntityManagerFactoryBean : Initialized JPA EntityManagerFactory for persistence unit 'default'
2026-02-14T18:34:29.746+05:30  WARN 48904 --- [           main] JpaBaseConfiguration$JpaWebConfiguration : spring.jpa.open-in-view is enabled by default. Therefore, database queries may be performed during view rendering. Explicitly configure spring.jpa.open-in-view to disable this warning
2026-02-14T18:34:29.779+05:30  INFO 48904 --- [           main] o.s.b.w.embedded.tomcat.TomcatWebServer  : Tomcat started on port 49944 (http) with context path ''
2026-02-14T18:34:29.780+05:30  INFO 48904 --- [           main] c.c.i.UserControllerIntegrationTest      : Started UserControllerIntegrationTest in 0.267 seconds (process running for 4.67)
2026-02-14T18:34:29.787+05:30  INFO 48904 --- [o-auto-2-exec-1] o.a.c.c.C.[Tomcat].[localhost].[/]       : Initializing Spring DispatcherServlet 'dispatcherServlet'
2026-02-14T18:34:29.787+05:30  INFO 48904 --- [o-auto-2-exec-1] o.s.web.servlet.DispatcherServlet        : Initializing Servlet 'dispatcherServlet'
2026-02-14T18:34:29.787+05:30  INFO 48904 --- [o-auto-2-exec-1] o.s.web.servlet.DispatcherServlet        : Completed initialization in 0 ms
Hibernate: select u1_0.user_id,u1_0.email,u1_0.name,u1_0.password,u1_0.phone,u1_0.role from users u1_0 where u1_0.email=?
Hibernate: insert into users (email,name,password,phone,role,user_id) values (?,?,?,?,?,default)
Hibernate: select u1_0.user_id,u1_0.email,u1_0.name,u1_0.password,u1_0.phone,u1_0.role from users u1_0 where u1_0.email=?
]]></system-out>
  </testcase>
</testsuite>